# JRE version: Java(TM) SE Runtime Environment (8.0_211-b12) (build 1.8.0_211-b12)
# Java VM: Java HotSpot(TM) 64-Bit Server VM (25.211-b12 mixed mode linux-amd64 compressed oops)
Heap:
 PSYoungGen      total 16896K, used 1020K [0x00000000f6800000, 0x00000000f7a00000, 0x0000000100000000)
  eden space 15872K, 0% used [0x00000000f6800000,0x00000000f6800000,0x00000000f7780000)
  from space 1024K, 99% used [0x00000000f7800000,0x00000000f78ff300,0x00000000f7900000)
  to   space 1024K, 0% used [0x00000000f7900000,0x00000000f7900000,0x00000000f7a00000)
 ParOldGen       total 33792K, used 32088K [0x00000000e3800000, 0x00000000e5900000, 0x00000000f6800000)
  object space 33792K, 94% used [0x00000000e3800000,0x00000000e5756010,0x00000000e5900000)
 Metaspace       used 16494K, capacity 16756K, committed 17024K, reserved 1064960K
  class space    used 1999K, capacity 2110K, committed 2176K, reserved 1048576K
GC Heap History (10 events):
Event: 3,823 GC heap after
Heap after GC invocations=1 (full 0):
 PSYoungGen      total 9216K, used 1010K [0x00000000f6800000, 0x00000000f7200000, 0x0000000100000000)
  eden space 8192K, 0% used [0x00000000f6800000,0x00000000f6800000,0x00000000f7000000)
  from space 1024K, 98% used [0x00000000f7000000,0x00000000f70fc820,0x00000000f7100000)
  to   space 1024K, 0% used [0x00000000f7100000,0x00000000f7100000,0x00000000f7200000)
 ParOldGen       total 20480K, used 1790K [0x00000000e3800000, 0x00000000e4c00000, 0x00000000f6800000)
  object space 20480K, 8% used [0x00000000e3800000,0x00000000e39bf9a0,0x00000000e4c00000)
 Metaspace       used 12527K, capacity 12672K, committed 12928K, reserved 1060864K
  class space    used 1575K, capacity 1652K, committed 1664K, reserved 1048576K
}
Event: 37,083 GC heap before
{Heap before GC invocations=2 (full 0):
 PSYoungGen      total 9216K, used 7163K [0x00000000f6800000, 0x00000000f7200000, 0x0000000100000000)
  eden space 8192K, 75% used [0x00000000f6800000,0x00000000f6e024b0,0x00000000f7000000)
  from space 1024K, 98% used [0x00000000f7000000,0x00000000f70fc820,0x00000000f7100000)
  to   space 1024K, 0% used [0x00000000f7100000,0x00000000f7100000,0x00000000f7200000)
 ParOldGen       total 20480K, used 1790K [0x00000000e3800000, 0x00000000e4c00000, 0x00000000f6800000)
  object space 20480K, 8% used [0x00000000e3800000,0x00000000e39bf9a0,0x00000000e4c00000)
 Metaspace       used 16165K, capacity 16404K, committed 16768K, reserved 1064960K
  class space    used 1977K, capacity 2078K, committed 2176K, reserved 1048576K
Event: 37,097 GC heap after
Heap after GC invocations=2 (full 0):
 PSYoungGen      total 9216K, used 1024K [0x00000000f6800000, 0x00000000f7200000, 0x0000000100000000)
  eden space 8192K, 0% used [0x00000000f6800000,0x00000000f6800000,0x00000000f7000000)
  from space 1024K, 100% used [0x00000000f7100000,0x00000000f7200000,0x00000000f7200000)
  to   space 1024K, 0% used [0x00000000f7000000,0x00000000f7000000,0x00000000f7100000)
 ParOldGen       total 20480K, used 3147K [0x00000000e3800000, 0x00000000e4c00000, 0x00000000f6800000)
  object space 20480K, 15% used [0x00000000e3800000,0x00000000e3b12e70,0x00000000e4c00000)
 Metaspace       used 16165K, capacity 16404K, committed 16768K, reserved 1064960K
  class space    used 1977K, capacity 2078K, committed 2176K, reserved 1048576K
}
Event: 37,513 GC heap before
{Heap before GC invocations=3 (full 0):
 PSYoungGen      total 9216K, used 9109K [0x00000000f6800000, 0x00000000f7200000, 0x0000000100000000)
  eden space 8192K, 98% used [0x00000000f6800000,0x00000000f6fe5478,0x00000000f7000000)
  from space 1024K, 100% used [0x00000000f7100000,0x00000000f7200000,0x00000000f7200000)
  to   space 1024K, 0% used [0x00000000f7000000,0x00000000f7000000,0x00000000f7100000)
 ParOldGen       total 20480K, used 3147K [0x00000000e3800000, 0x00000000e4c00000, 0x00000000f6800000)
  object space 20480K, 15% used [0x00000000e3800000,0x00000000e3b12e70,0x00000000e4c00000)
 Metaspace       used 16204K, capacity 16404K, committed 16768K, reserved 1064960K
  class space    used 1982K, capacity 2078K, committed 2176K, reserved 1048576K
Event: 37,539 GC heap after
Heap after GC invocations=3 (full 0):
 PSYoungGen      total 9216K, used 1023K [0x00000000f6800000, 0x00000000f7a00000, 0x0000000100000000)
  eden space 8192K, 0% used [0x00000000f6800000,0x00000000f6800000,0x00000000f7000000)
  from space 1024K, 99% used [0x00000000f7000000,0x00000000f70ffef0,0x00000000f7100000)
  to   space 1024K, 0% used [0x00000000f7900000,0x00000000f7900000,0x00000000f7a00000)
 ParOldGen       total 20480K, used 13436K [0x00000000e3800000, 0x00000000e4c00000, 0x00000000f6800000)
  object space 20480K, 65% used [0x00000000e3800000,0x00000000e451f000,0x00000000e4c00000)
 Metaspace       used 16204K, capacity 16404K, committed 16768K, reserved 1064960K
  class space    used 1982K, capacity 2078K, committed 2176K, reserved 1048576K
}
Event: 37,539 GC heap before
{Heap before GC invocations=4 (full 1):
 PSYoungGen      total 9216K, used 1023K [0x00000000f6800000, 0x00000000f7a00000, 0x0000000100000000)
  eden space 8192K, 0% used [0x00000000f6800000,0x00000000f6800000,0x00000000f7000000)
  from space 1024K, 99% used [0x00000000f7000000,0x00000000f70ffef0,0x00000000f7100000)
  to   space 1024K, 0% used [0x00000000f7900000,0x00000000f7900000,0x00000000f7a00000)
 ParOldGen       total 20480K, used 13436K [0x00000000e3800000, 0x00000000e4c00000, 0x00000000f6800000)
  object space 20480K, 65% used [0x00000000e3800000,0x00000000e451f000,0x00000000e4c00000)
 Metaspace       used 16204K, capacity 16404K, committed 16768K, reserved 1064960K
  class space    used 1982K, capacity 2078K, committed 2176K, reserved 1048576K
Event: 37,578 GC heap after
Heap after GC invocations=4 (full 1):
 PSYoungGen      total 9216K, used 0K [0x00000000f6800000, 0x00000000f7a00000, 0x0000000100000000)
  eden space 8192K, 0% used [0x00000000f6800000,0x00000000f6800000,0x00000000f7000000)
  from space 1024K, 0% used [0x00000000f7000000,0x00000000f7000000,0x00000000f7100000)
  to   space 1024K, 0% used [0x00000000f7900000,0x00000000f7900000,0x00000000f7a00000)
 ParOldGen       total 31232K, used 12019K [0x00000000e3800000, 0x00000000e5680000, 0x00000000f6800000)
  object space 31232K, 38% used [0x00000000e3800000,0x00000000e43bcc18,0x00000000e5680000)
 Metaspace       used 16204K, capacity 16404K, committed 16768K, reserved 1064960K
  class space    used 1982K, capacity 2078K, committed 2176K, reserved 1048576K
}
Event: 47,628 GC heap before
{Heap before GC invocations=5 (full 1):
 PSYoungGen      total 9216K, used 7343K [0x00000000f6800000, 0x00000000f7a00000, 0x0000000100000000)
  eden space 8192K, 89% used [0x00000000f6800000,0x00000000f6f2bcd8,0x00000000f7000000)
  from space 1024K, 0% used [0x00000000f7000000,0x00000000f7000000,0x00000000f7100000)
  to   space 1024K, 0% used [0x00000000f7900000,0x00000000f7900000,0x00000000f7a00000)
 ParOldGen       total 31232K, used 12019K [0x00000000e3800000, 0x00000000e5680000, 0x00000000f6800000)
  object space 31232K, 38% used [0x00000000e3800000,0x00000000e43bcc18,0x00000000e5680000)
 Metaspace       used 16336K, capacity 16532K, committed 16768K, reserved 1064960K
  class space    used 1988K, capacity 2078K, committed 2176K, reserved 1048576K
Event: 47,637 GC heap after
Heap after GC invocations=5 (full 1):
 PSYoungGen      total 16896K, used 996K [0x00000000f6800000, 0x00000000f7a00000, 0x0000000100000000)
  eden space 15872K, 0% used [0x00000000f6800000,0x00000000f6800000,0x00000000f7780000)
  from space 1024K, 97% used [0x00000000f7900000,0x00000000f79f9378,0x00000000f7a00000)
  to   space 1024K, 0% used [0x00000000f7800000,0x00000000f7800000,0x00000000f7900000)
 ParOldGen       total 31232K, used 18937K [0x00000000e3800000, 0x00000000e5680000, 0x00000000f6800000)
  object space 31232K, 60% used [0x00000000e3800000,0x00000000e4a7e630,0x00000000e5680000)
 Metaspace       used 16336K, capacity 16532K, committed 16768K, reserved 1064960K
  class space    used 1988K, capacity 2078K, committed 2176K, reserved 1048576K
}
Event: 48,795 GC heap before
{Heap before GC invocations=6 (full 1):
 PSYoungGen      total 16896K, used 14809K [0x00000000f6800000, 0x00000000f7a00000, 0x0000000100000000)
  eden space 15872K, 87% used [0x00000000f6800000,0x00000000f757d2f0,0x00000000f7780000)
  from space 1024K, 97% used [0x00000000f7900000,0x00000000f79f9378,0x00000000f7a00000)
  to   space 1024K, 0% used [0x00000000f7800000,0x00000000f7800000,0x00000000f7900000)
 ParOldGen       total 31232K, used 18937K [0x00000000e3800000, 0x00000000e5680000, 0x00000000f6800000)
  object space 31232K, 60% used [0x00000000e3800000,0x00000000e4a7e630,0x00000000e5680000)
 Metaspace       used 16494K, capacity 16756K, committed 17024K, reserved 1064960K
  class space    used 1999K, capacity 2110K, committed 2176K, reserved 1048576K

